<?xml version="1.0" encoding="UTF-8"?>
<!-- Generated by org.testng.reporters.JUnitXMLReporter -->
<testsuite hostname="DESKTOP-R3O9REA" ignored="0" name="Edge test" tests="3" failures="0" timestamp="2022-05-18T10:21:11 IST" time="18.375" errors="0">
  <testcase name="verifyCheckBox" time="0.217" classname="testCases.LoginPageTestCases"/>
  <testcase name="verifyErrorMsg" time="1.149" classname="testCases.LoginPageTestCases"/>
  <testcase name="verifyLoginButtonText" time="0.097" classname="testCases.LoginPageTestCases"/>
</testsuite> <!-- Edge test -->
