<?xml version="1.0" encoding="UTF-8"?>
<!-- Generated by org.testng.reporters.JUnitXMLReporter -->
<testsuite hostname="DESKTOP-R3O9REA" ignored="3" name="My Test" tests="3" failures="0" timestamp="2022-05-18T09:37:33 IST" time="14.44" errors="0">
  <testcase name="verifyCheckBox" time="0.329" classname="testCases.LoginPageTestCases"/>
  <testcase name="BackgroundcolorOfSearchButton" time="1.951" classname="testCases.ManageExpenseTestCases"/>
  <testcase name="VerifyUrlMobileSlider" time="2.365" classname="testCases.MobileSliderTestCases"/>
  <testcase name="VerifyTitleMobileSlider" time="0.0" classname="testCases.MobileSliderTestCases">
    <ignored/>
  </testcase> <!-- VerifyTitleMobileSlider -->
  <testcase name="verifyLoginButtonText" time="0.0" classname="testCases.LoginPageTestCases">
    <ignored/>
  </testcase> <!-- verifyLoginButtonText -->
  <testcase name="verifyErrorMsg" time="0.0" classname="testCases.LoginPageTestCases">
    <ignored/>
  </testcase> <!-- verifyErrorMsg -->
</testsuite> <!-- My Test -->
