<?xml version="1.0" encoding="UTF-8"?>
<!-- Generated by org.testng.reporters.JUnitXMLReporter -->
<testsuite hostname="DESKTOP-R3O9REA" ignored="3" name="My Test" tests="6" failures="0" timestamp="2022-05-19T18:55:28 IST" time="56.83" errors="0">
  <testcase name="verifyCheckBox" time="0.853" classname="testCases.LoginPageTestCases"/>
  <testcase name="verifyLoginButtonText" time="0.147" classname="testCases.LoginPageTestCases"/>
  <testcase name="VerifyTextOfAlertBox" time="3.817" classname="testCases.ManageProductTestCases"/>
  <testcase name="verifyDropdownCategory" time="6.32" classname="testCases.ManageProductTestCases"/>
  <testcase name="VerifyTitleMobileSlider" time="5.071" classname="testCases.MobileSliderTestCases"/>
  <testcase name="VerifyUrlMobileSlider" time="4.191" classname="testCases.MobileSliderTestCases"/>
  <testcase name="VerifyAttributevalueAfterClick" time="0.0" classname="testCases.ManageProductTestCases">
    <ignored/>
  </testcase> <!-- VerifyAttributevalueAfterClick -->
  <testcase name="uploadImageTest" time="0.0" classname="testCases.ManageProductTestCases">
    <ignored/>
  </testcase> <!-- uploadImageTest -->
  <testcase name="verifyErrorMsg" time="0.0" classname="testCases.LoginPageTestCases">
    <ignored/>
  </testcase> <!-- verifyErrorMsg -->
</testsuite> <!-- My Test -->
