<?xml version="1.0" encoding="UTF-8"?>
<testng-results skipped="0" failed="0" ignored="0" total="1" passed="1">
  <reporter-output>
  </reporter-output>
  <suite name="Default suite" duration-ms="8780" started-at="2022-05-25T10:40:21 IST" finished-at="2022-05-25T10:40:30 IST">
    <groups>
    </groups>
    <test name="Default test" duration-ms="8780" started-at="2022-05-25T10:40:21 IST" finished-at="2022-05-25T10:40:30 IST">
      <class name="testCases.DashBoardTestCases">
        <test-method status="PASS" signature="beforeMethod()[pri:0, instance:testCases.DashBoardTestCases@192d3247]" name="beforeMethod" is-config="true" duration-ms="5318" started-at="2022-05-25T10:40:22 IST" finished-at="2022-05-25T10:40:27 IST">
          <reporter-output>
          </reporter-output>
        </test-method> <!-- beforeMethod -->
        <test-method status="PASS" signature="VerifyTextOfActivePageCliCkingAdminLink()[pri:0, instance:testCases.DashBoardTestCases@192d3247]" name="VerifyTextOfActivePageCliCkingAdminLink" duration-ms="3381" started-at="2022-05-25T10:40:27 IST" finished-at="2022-05-25T10:40:30 IST">
          <reporter-output>
          </reporter-output>
        </test-method> <!-- VerifyTextOfActivePageCliCkingAdminLink -->
        <test-method status="PASS" signature="afterMethod(org.testng.ITestResult)[pri:0, instance:testCases.DashBoardTestCases@192d3247]" name="afterMethod" is-config="true" duration-ms="7" started-at="2022-05-25T10:40:30 IST" finished-at="2022-05-25T10:40:30 IST">
          <params>
            <param index="0">
              <value>
                <![CDATA[[TestResult name=VerifyTextOfActivePageCliCkingAdminLink status=SUCCESS method=DashBoardTestCases.VerifyTextOfActivePageCliCkingAdminLink()[pri:0, instance:testCases.DashBoardTestCases@192d3247] output={null}]]]>
              </value>
            </param>
          </params>
          <reporter-output>
          </reporter-output>
        </test-method> <!-- afterMethod -->
      </class> <!-- testCases.DashBoardTestCases -->
    </test> <!-- Default test -->
  </suite> <!-- Default suite -->
</testng-results>
